\BOOKMARK [0][-]{chapter*.1}{\376\377\000C\000o\000n\000t\000r\000o\000l\000\040\000D\000o\000c\000u\000m\000e\000n\000t\000a\000l}{}% 1
\BOOKMARK [0][-]{chapter*.2}{\376\377\000R\000e\000s\000u\000m\000e\000n\000\040\000d\000e\000\040\000V\000e\000r\000s\000i\000o\000n\000e\000s}{}% 2
\BOOKMARK [0][-]{chapter.1}{\376\377\000R\000e\000s\000u\000m\000e\000n\000\040\000E\000j\000e\000c\000u\000t\000i\000v\000o}{}% 3
\BOOKMARK [1][-]{section.1.1}{\376\377\000P\000r\000o\000p\000o\000s\000i\000t\000o\000\040\000d\000e\000l\000\040\000d\000o\000c\000u\000m\000e\000n\000t\000o}{chapter.1}% 4
\BOOKMARK [1][-]{section.1.2}{\376\377\000A\000l\000c\000a\000n\000c\000e\000\040\000e\000j\000e\000c\000u\000t\000i\000v\000o}{chapter.1}% 5
\BOOKMARK [1][-]{section.1.3}{\376\377\000P\000r\000o\000p\000u\000e\000s\000t\000a\000\040\000d\000e\000\040\000v\000a\000l\000o\000r\000\040\000i\000n\000s\000t\000i\000t\000u\000c\000i\000o\000n\000a\000l}{chapter.1}% 6
\BOOKMARK [1][-]{section.1.4}{\376\377\000L\000e\000c\000t\000u\000r\000a\000\040\000r\000e\000c\000o\000m\000e\000n\000d\000a\000d\000a}{chapter.1}% 7
\BOOKMARK [0][-]{chapter.2}{\376\377\000C\000o\000n\000t\000e\000x\000t\000o\000,\000\040\000V\000i\000s\000i\000o\000n\000\040\000y\000\040\000M\000i\000s\000i\000o\000n}{}% 8
\BOOKMARK [1][-]{section.2.1}{\376\377\000C\000o\000n\000t\000e\000x\000t\000o\000\040\000i\000n\000s\000t\000i\000t\000u\000c\000i\000o\000n\000a\000l}{chapter.2}% 9
\BOOKMARK [1][-]{section.2.2}{\376\377\000P\000r\000o\000b\000l\000e\000m\000a\000\040\000a\000\040\000r\000e\000s\000o\000l\000v\000e\000r}{chapter.2}% 10
\BOOKMARK [1][-]{section.2.3}{\376\377\000M\000i\000s\000i\000o\000n}{chapter.2}% 11
\BOOKMARK [1][-]{section.2.4}{\376\377\000V\000i\000s\000i\000o\000n}{chapter.2}% 12
\BOOKMARK [1][-]{section.2.5}{\376\377\000P\000r\000i\000n\000c\000i\000p\000i\000o\000s\000\040\000r\000e\000c\000t\000o\000r\000e\000s}{chapter.2}% 13
\BOOKMARK [0][-]{chapter.3}{\376\377\000O\000b\000j\000e\000t\000i\000v\000o\000s\000,\000\040\000A\000l\000c\000a\000n\000c\000e\000\040\000y\000\040\000S\000u\000p\000u\000e\000s\000t\000o\000s}{}% 14
\BOOKMARK [1][-]{section.3.1}{\376\377\000O\000b\000j\000e\000t\000i\000v\000o\000\040\000g\000e\000n\000e\000r\000a\000l}{chapter.3}% 15
\BOOKMARK [1][-]{section.3.2}{\376\377\000O\000b\000j\000e\000t\000i\000v\000o\000s\000\040\000e\000s\000p\000e\000c\000i\000f\000i\000c\000o\000s}{chapter.3}% 16
\BOOKMARK [1][-]{section.3.3}{\376\377\000A\000l\000c\000a\000n\000c\000e\000\040\000f\000u\000n\000c\000i\000o\000n\000a\000l\000\040\000t\000o\000t\000a\000l}{chapter.3}% 17
\BOOKMARK [1][-]{section.3.4}{\376\377\000N\000o\000\040\000a\000l\000c\000a\000n\000c\000e}{chapter.3}% 18
\BOOKMARK [1][-]{section.3.5}{\376\377\000S\000u\000p\000u\000e\000s\000t\000o\000s}{chapter.3}% 19
\BOOKMARK [0][-]{chapter.4}{\376\377\000A\000r\000q\000u\000i\000t\000e\000c\000t\000u\000r\000a\000\040\000O\000b\000j\000e\000t\000i\000v\000o\000\040\000d\000e\000\040\000l\000a\000\040\000S\000o\000l\000u\000c\000i\000o\000n}{}% 20
\BOOKMARK [1][-]{section.4.1}{\376\377\000V\000i\000s\000t\000a\000\040\000d\000e\000\040\000a\000r\000q\000u\000i\000t\000e\000c\000t\000u\000r\000a}{chapter.4}% 21
\BOOKMARK [1][-]{section.4.2}{\376\377\000C\000a\000p\000a\000\040\000d\000e\000\040\000p\000r\000e\000s\000e\000n\000t\000a\000c\000i\000o\000n}{chapter.4}% 22
\BOOKMARK [1][-]{section.4.3}{\376\377\000C\000a\000p\000a\000\040\000d\000e\000\040\000a\000p\000l\000i\000c\000a\000c\000i\000o\000n}{chapter.4}% 23
\BOOKMARK [1][-]{section.4.4}{\376\377\000C\000a\000p\000a\000\040\000d\000e\000\040\000s\000e\000r\000v\000i\000c\000i\000o\000s\000\040\000d\000e\000\040\000d\000o\000m\000i\000n\000i\000o}{chapter.4}% 24
\BOOKMARK [1][-]{section.4.5}{\376\377\000C\000a\000p\000a\000\040\000d\000e\000\040\000d\000a\000t\000o\000s\000\040\000y\000\040\000e\000v\000o\000l\000u\000c\000i\000o\000n}{chapter.4}% 25
\BOOKMARK [1][-]{section.4.6}{\376\377\000A\000r\000q\000u\000i\000t\000e\000c\000t\000u\000r\000a\000\040\000d\000e\000\040\000r\000e\000f\000e\000r\000e\000n\000c\000i\000a\000\040\000f\000u\000t\000u\000r\000a}{chapter.4}% 26
\BOOKMARK [0][-]{chapter.5}{\376\377\000D\000i\000s\000e\000n\000o\000\040\000F\000u\000n\000c\000i\000o\000n\000a\000l\000\040\000I\000n\000t\000e\000g\000r\000a\000l}{}% 27
\BOOKMARK [1][-]{section.5.1}{\376\377\000D\000o\000m\000i\000n\000i\000o\000\040\000A\000r\000c\000h\000i\000v\000o\000\040\000I\000n\000s\000t\000i\000t\000u\000c\000i\000o\000n\000a\000l}{chapter.5}% 28
\BOOKMARK [2][-]{subsection.5.1.1}{\376\377\000C\000a\000p\000a\000c\000i\000d\000a\000d\000e\000s\000\040\000f\000u\000n\000c\000i\000o\000n\000a\000l\000e\000s}{section.5.1}% 29
\BOOKMARK [2][-]{subsection.5.1.2}{\376\377\000F\000l\000u\000j\000o\000\040\000f\000u\000n\000c\000i\000o\000n\000a\000l\000\040\000d\000e\000\040\000c\000o\000n\000s\000u\000l\000t\000a}{section.5.1}% 30
\BOOKMARK [1][-]{section.5.2}{\376\377\000D\000o\000m\000i\000n\000i\000o\000\040\000R\000R\000H\000H}{chapter.5}% 31
\BOOKMARK [2][-]{subsection.5.2.1}{\376\377\000C\000a\000p\000a\000c\000i\000d\000a\000d\000e\000s\000\040\000f\000u\000n\000c\000i\000o\000n\000a\000l\000e\000s}{section.5.2}% 32
\BOOKMARK [2][-]{subsection.5.2.2}{\376\377\000F\000l\000u\000j\000o\000\040\000f\000u\000n\000c\000i\000o\000n\000a\000l\000\040\000d\000e\000\040\000e\000x\000p\000e\000d\000i\000e\000n\000t\000e}{section.5.2}% 33
\BOOKMARK [1][-]{section.5.3}{\376\377\000P\000a\000n\000e\000l\000\040\000A\000d\000m\000i\000n\000i\000s\000t\000r\000a\000t\000i\000v\000o}{chapter.5}% 34
\BOOKMARK [1][-]{section.5.4}{\376\377\000M\000a\000t\000r\000i\000z\000\040\000d\000e\000\040\000c\000a\000s\000o\000s\000\040\000d\000e\000\040\000u\000s\000o}{chapter.5}% 35
\BOOKMARK [0][-]{chapter.6}{\376\377\000D\000i\000s\000e\000n\000o\000\040\000T\000e\000c\000n\000i\000c\000o\000\040\000E\000m\000p\000r\000e\000s\000a\000r\000i\000a\000l}{}% 36
\BOOKMARK [1][-]{section.6.1}{\376\377\000A\000r\000q\000u\000i\000t\000e\000c\000t\000u\000r\000a\000\040\000t\000e\000c\000n\000i\000c\000a}{chapter.6}% 37
\BOOKMARK [1][-]{section.6.2}{\376\377\000P\000a\000t\000r\000o\000n\000e\000s\000\040\000d\000e\000\040\000d\000i\000s\000e\000n\000o\000\040\000a\000p\000l\000i\000c\000a\000d\000o\000s}{chapter.6}% 38
\BOOKMARK [1][-]{section.6.3}{\376\377\000D\000i\000s\000e\000n\000o\000\040\000d\000e\000\040\000c\000o\000m\000p\000o\000n\000e\000n\000t\000e\000s}{chapter.6}% 39
\BOOKMARK [2][-]{subsection.6.3.1}{\376\377\000I\000n\000t\000e\000r\000f\000a\000z}{section.6.3}% 40
\BOOKMARK [2][-]{subsection.6.3.2}{\376\377\000S\000e\000r\000v\000i\000d\000o\000r}{section.6.3}% 41
\BOOKMARK [2][-]{subsection.6.3.3}{\376\377\000S\000e\000r\000v\000i\000c\000i\000o\000s}{section.6.3}% 42
\BOOKMARK [1][-]{section.6.4}{\376\377\000E\000s\000c\000a\000l\000a\000b\000i\000l\000i\000d\000a\000d\000\040\000t\000e\000c\000n\000i\000c\000a}{chapter.6}% 43
\BOOKMARK [1][-]{section.6.5}{\376\377\000O\000b\000s\000e\000r\000v\000a\000b\000i\000l\000i\000d\000a\000d\000\040\000t\000e\000c\000n\000i\000c\000a}{chapter.6}% 44
\BOOKMARK [0][-]{chapter.7}{\376\377\000M\000o\000d\000e\000l\000o\000\040\000d\000e\000\040\000D\000a\000t\000o\000s\000\040\000y\000\040\000G\000o\000b\000i\000e\000r\000n\000o\000\040\000d\000e\000\040\000I\000n\000f\000o\000r\000m\000a\000c\000i\000o\000n}{}% 45
\BOOKMARK [1][-]{section.7.1}{\376\377\000M\000o\000d\000e\000l\000o\000\040\000c\000o\000n\000c\000e\000p\000t\000u\000a\000l\000\040\000i\000n\000s\000t\000i\000t\000u\000c\000i\000o\000n\000a\000l}{chapter.7}% 46
\BOOKMARK [1][-]{section.7.2}{\376\377\000E\000n\000t\000i\000d\000a\000d\000e\000s\000\040\000n\000u\000c\000l\000e\000a\000r\000e\000s}{chapter.7}% 47
\BOOKMARK [1][-]{section.7.3}{\376\377\000G\000o\000b\000i\000e\000r\000n\000o\000\040\000d\000e\000\040\000m\000e\000t\000a\000d\000a\000t\000o\000s}{chapter.7}% 48
\BOOKMARK [1][-]{section.7.4}{\376\377\000R\000e\000g\000l\000a\000s\000\040\000d\000e\000\040\000c\000o\000n\000s\000i\000s\000t\000e\000n\000c\000i\000a}{chapter.7}% 49
\BOOKMARK [1][-]{section.7.5}{\376\377\000E\000s\000t\000r\000a\000t\000e\000g\000i\000a\000\040\000d\000e\000\040\000e\000v\000o\000l\000u\000c\000i\000o\000n\000\040\000d\000e\000\040\000d\000a\000t\000o\000s}{chapter.7}% 50
\BOOKMARK [0][-]{chapter.8}{\376\377\000S\000e\000g\000u\000r\000i\000d\000a\000d\000,\000\040\000P\000r\000i\000v\000a\000c\000i\000d\000a\000d\000\040\000y\000\040\000T\000r\000a\000z\000a\000b\000i\000l\000i\000d\000a\000d}{}% 51
\BOOKMARK [1][-]{section.8.1}{\376\377\000M\000a\000r\000c\000o\000\040\000d\000e\000\040\000s\000e\000g\000u\000r\000i\000d\000a\000d\000\040\000i\000n\000s\000t\000i\000t\000u\000c\000i\000o\000n\000a\000l}{chapter.8}% 52
\BOOKMARK [1][-]{section.8.2}{\376\377\000C\000o\000n\000t\000r\000o\000l\000\040\000d\000e\000\040\000a\000c\000c\000e\000s\000o}{chapter.8}% 53
\BOOKMARK [1][-]{section.8.3}{\376\377\000P\000r\000o\000t\000e\000c\000c\000i\000o\000n\000\040\000d\000e\000\040\000d\000a\000t\000o\000s\000\040\000s\000e\000n\000s\000i\000b\000l\000e\000s}{chapter.8}% 54
\BOOKMARK [1][-]{section.8.4}{\376\377\000A\000u\000d\000i\000t\000o\000r\000i\000a\000\040\000y\000\040\000n\000o\000\040\000r\000e\000p\000u\000d\000i\000o}{chapter.8}% 55
\BOOKMARK [1][-]{section.8.5}{\376\377\000R\000i\000e\000s\000g\000o\000s\000\040\000y\000\040\000m\000i\000t\000i\000g\000a\000c\000i\000o\000n}{chapter.8}% 56
\BOOKMARK [0][-]{chapter.9}{\376\377\000O\000p\000e\000r\000a\000c\000i\000o\000n\000,\000\040\000D\000e\000s\000p\000l\000i\000e\000g\000u\000e\000\040\000y\000\040\000C\000o\000n\000t\000i\000n\000u\000i\000d\000a\000d}{}% 57
\BOOKMARK [1][-]{section.9.1}{\376\377\000M\000o\000d\000e\000l\000o\000\040\000o\000p\000e\000r\000a\000t\000i\000v\000o}{chapter.9}% 58
\BOOKMARK [1][-]{section.9.2}{\376\377\000A\000m\000b\000i\000e\000n\000t\000e\000s\000\040\000d\000e\000\040\000t\000r\000a\000b\000a\000j\000o}{chapter.9}% 59
\BOOKMARK [1][-]{section.9.3}{\376\377\000D\000e\000s\000p\000l\000i\000e\000g\000u\000e\000\040\000y\000\040\000p\000u\000b\000l\000i\000c\000a\000c\000i\000o\000n}{chapter.9}% 60
\BOOKMARK [1][-]{section.9.4}{\376\377\000C\000o\000n\000t\000i\000n\000u\000i\000d\000a\000d\000\040\000y\000\040\000r\000e\000s\000p\000a\000l\000d\000o\000s}{chapter.9}% 61
\BOOKMARK [1][-]{section.9.5}{\376\377\000M\000o\000n\000i\000t\000o\000r\000e\000o\000\040\000y\000\040\000s\000o\000p\000o\000r\000t\000e}{chapter.9}% 62
\BOOKMARK [0][-]{chapter.10}{\376\377\000C\000a\000l\000i\000d\000a\000d\000,\000\040\000V\000a\000l\000i\000d\000a\000c\000i\000o\000n\000\040\000y\000\040\000A\000s\000e\000g\000u\000r\000a\000m\000i\000e\000n\000t\000o}{}% 63
\BOOKMARK [1][-]{section.10.1}{\376\377\000M\000o\000d\000e\000l\000o\000\040\000d\000e\000\040\000c\000a\000l\000i\000d\000a\000d}{chapter.10}% 64
\BOOKMARK [1][-]{section.10.2}{\376\377\000E\000s\000t\000r\000a\000t\000e\000g\000i\000a\000\040\000d\000e\000\040\000p\000r\000u\000e\000b\000a\000s}{chapter.10}% 65
\BOOKMARK [1][-]{section.10.3}{\376\377\000A\000s\000e\000g\000u\000r\000a\000m\000i\000e\000n\000t\000o\000\040\000d\000o\000c\000u\000m\000e\000n\000t\000a\000l}{chapter.10}% 66
\BOOKMARK [1][-]{section.10.4}{\376\377\000I\000n\000d\000i\000c\000a\000d\000o\000r\000e\000s\000\040\000d\000e\000\040\000c\000a\000l\000i\000d\000a\000d}{chapter.10}% 67
\BOOKMARK [1][-]{section.10.5}{\376\377\000M\000e\000j\000o\000r\000a\000\040\000c\000o\000n\000t\000i\000n\000u\000a}{chapter.10}% 68
\BOOKMARK [0][-]{chapter.11}{\376\377\000G\000o\000b\000e\000r\000n\000a\000n\000z\000a\000,\000\040\000M\000a\000r\000c\000o\000\040\000L\000e\000g\000a\000l\000\040\000y\000\040\000P\000r\000o\000p\000i\000e\000d\000a\000d\000\040\000I\000n\000t\000e\000l\000e\000c\000t\000u\000a\000l}{}% 69
\BOOKMARK [1][-]{section.11.1}{\376\377\000G\000o\000b\000e\000r\000n\000a\000n\000z\000a\000\040\000d\000e\000l\000\040\000p\000r\000o\000d\000u\000c\000t\000o}{chapter.11}% 70
\BOOKMARK [1][-]{section.11.2}{\376\377\000M\000o\000d\000e\000l\000o\000\040\000d\000e\000\040\000d\000e\000c\000i\000s\000i\000o\000n}{chapter.11}% 71
\BOOKMARK [1][-]{section.11.3}{\376\377\000P\000o\000l\000i\000t\000i\000c\000a\000s\000\040\000d\000e\000\040\000v\000e\000r\000s\000i\000o\000n\000a\000d\000o\000\040\000y\000\040\000c\000a\000m\000b\000i\000o}{chapter.11}% 72
\BOOKMARK [1][-]{section.11.4}{\376\377\000M\000a\000r\000c\000o\000\040\000l\000e\000g\000a\000l\000\040\000y\000\040\000c\000u\000m\000p\000l\000i\000m\000i\000e\000n\000t\000o}{chapter.11}% 73
\BOOKMARK [1][-]{section.11.5}{\376\377\000R\000A\000C\000I\000\040\000d\000e\000\040\000a\000l\000t\000o\000\040\000n\000i\000v\000e\000l}{chapter.11}% 74
\BOOKMARK [0][-]{chapter.12}{\376\377\000H\000o\000j\000a\000\040\000d\000e\000\040\000R\000u\000t\000a\000\040\000y\000\040\000V\000i\000s\000i\000o\000n\000\040\000d\000e\000\040\000E\000s\000c\000a\000l\000a\000m\000i\000e\000n\000t\000o}{}% 75
\BOOKMARK [1][-]{section.12.1}{\376\377\000E\000s\000t\000r\000a\000t\000e\000g\000i\000a\000\040\000d\000e\000\040\000e\000v\000o\000l\000u\000c\000i\000o\000n}{chapter.12}% 76
\BOOKMARK [1][-]{section.12.2}{\376\377\000F\000a\000s\000e\000\040\000I\000:\000\040\000C\000o\000n\000s\000o\000l\000i\000d\000a\000c\000i\000o\000n\000\040\000f\000u\000n\000c\000i\000o\000n\000a\000l}{chapter.12}% 77
\BOOKMARK [1][-]{section.12.3}{\376\377\000F\000a\000s\000e\000\040\000I\000I\000:\000\040\000E\000s\000c\000a\000l\000a\000m\000i\000e\000n\000t\000o\000\040\000d\000e\000\040\000d\000a\000t\000o\000s\000\040\000y\000\040\000o\000p\000e\000r\000a\000c\000i\000o\000n}{chapter.12}% 78
\BOOKMARK [1][-]{section.12.4}{\376\377\000F\000a\000s\000e\000\040\000I\000I\000I\000:\000\040\000I\000n\000t\000e\000l\000i\000g\000e\000n\000c\000i\000a\000\040\000y\000\040\000a\000n\000a\000l\000i\000t\000i\000c\000a\000\040\000a\000v\000a\000n\000z\000a\000d\000a}{chapter.12}% 79
\BOOKMARK [1][-]{section.12.5}{\376\377\000I\000n\000d\000i\000c\000a\000d\000o\000r\000e\000s\000\040\000d\000e\000\040\000e\000x\000i\000t\000o\000\040\000p\000o\000r\000\040\000f\000a\000s\000e}{chapter.12}% 80
\BOOKMARK [1][-]{section.12.6}{\376\377\000R\000i\000e\000s\000g\000o\000s\000\040\000d\000e\000\040\000e\000v\000o\000l\000u\000c\000i\000o\000n}{chapter.12}% 81
\BOOKMARK [0][-]{appendix.Alph1}{\376\377\000G\000l\000o\000s\000a\000r\000i\000o}{}% 82
\BOOKMARK [0][-]{appendix.Alph2}{\376\377\000D\000i\000c\000c\000i\000o\000n\000a\000r\000i\000o\000\040\000d\000e\000\040\000D\000a\000t\000o\000s\000\040\000E\000x\000t\000e\000n\000d\000i\000d\000o}{}% 83
\BOOKMARK [1][-]{section.Alph2.1}{\376\377\000E\000n\000t\000i\000d\000a\000d\000:\000\040\000U\000s\000u\000a\000r\000i\000o}{appendix.Alph2}% 84
\BOOKMARK [1][-]{section.Alph2.2}{\376\377\000E\000n\000t\000i\000d\000a\000d\000:\000\040\000A\000r\000c\000h\000i\000v\000o\000\040\000I\000n\000s\000t\000i\000t\000u\000c\000i\000o\000n\000a\000l}{appendix.Alph2}% 85
\BOOKMARK [1][-]{section.Alph2.3}{\376\377\000E\000n\000t\000i\000d\000a\000d\000:\000\040\000P\000e\000r\000s\000o\000n\000a\000\040\000R\000R\000H\000H}{appendix.Alph2}% 86
\BOOKMARK [1][-]{section.Alph2.4}{\376\377\000E\000n\000t\000i\000d\000a\000d\000:\000\040\000A\000r\000c\000h\000i\000v\000o\000\040\000R\000R\000H\000H}{appendix.Alph2}% 87
\BOOKMARK [0][-]{appendix.Alph3}{\376\377\000M\000a\000t\000r\000i\000z\000\040\000d\000e\000\040\000T\000r\000a\000z\000a\000b\000i\000l\000i\000d\000a\000d}{}% 88
\BOOKMARK [1][-]{section.Alph3.1}{\376\377\000M\000a\000t\000r\000i\000z\000\040\000d\000e\000\040\000t\000r\000a\000z\000a\000b\000i\000l\000i\000d\000a\000d\000\040\000m\000a\000c\000r\000o}{appendix.Alph3}% 89
\BOOKMARK [1][-]{section.Alph3.2}{\376\377\000L\000i\000n\000e\000a\000m\000i\000e\000n\000t\000o\000s\000\040\000d\000e\000\040\000u\000s\000o}{appendix.Alph3}% 90
\BOOKMARK [0][-]{appendix.Alph4}{\376\377\000R\000e\000f\000e\000r\000e\000n\000c\000i\000a\000s}{}% 91
\BOOKMARK [0][-]{appendix.Alph5}{\376\377\000D\000i\000a\000g\000r\000a\000m\000a\000s\000\040\000M\000a\000e\000s\000t\000r\000o\000s}{}% 92
\BOOKMARK [1][-]{section.Alph5.1}{\376\377\000A\000r\000q\000u\000i\000t\000e\000c\000t\000u\000r\000a\000\040\000O\000b\000j\000e\000t\000i\000v\000o}{appendix.Alph5}% 93
\BOOKMARK [1][-]{section.Alph5.2}{\376\377\000F\000l\000u\000j\000o\000\040\000d\000e\000\040\000A\000u\000t\000e\000n\000t\000i\000c\000a\000c\000i\000o\000n}{appendix.Alph5}% 94
\BOOKMARK [1][-]{section.Alph5.3}{\376\377\000M\000o\000d\000e\000l\000o\000\040\000d\000e\000\040\000D\000a\000t\000o\000s}{appendix.Alph5}% 95
\BOOKMARK [1][-]{section.Alph5.4}{\376\377\000H\000o\000j\000a\000\040\000d\000e\000\040\000R\000u\000t\000a\000\040\000p\000o\000r\000\040\000F\000a\000s\000e\000s}{appendix.Alph5}% 96
\BOOKMARK [1][-]{section.Alph5.5}{\376\377\000G\000o\000b\000i\000e\000r\000n\000o\000\040\000y\000\040\000C\000o\000n\000t\000r\000o\000l\000\040\000d\000e\000\040\000A\000c\000c\000e\000s\000o}{appendix.Alph5}% 97
\BOOKMARK [1][-]{section.Alph5.6}{\376\377\000D\000e\000s\000p\000l\000i\000e\000g\000u\000e\000\040\000y\000\040\000C\000o\000n\000t\000i\000n\000u\000i\000d\000a\000d\000\040\000O\000p\000e\000r\000a\000t\000i\000v\000a}{appendix.Alph5}% 98
