This is pdfTeX, Version 3.141592653-2.6-1.40.28 (MiKTeX 25.12) (preloaded format=pdflatex 2026.3.5)  21 APR 2026 13:20
entering extended mode
 restricted \write18 enabled.
 %&-line parsing enabled.
**c:/ciencias-ucv-digital-archive/docs/tex/main.tex
(c:/ciencias-ucv-digital-archive/docs/tex/main.tex
LaTeX2e <2025-11-01>
L3 programming layer <2025-12-24>
(C:\Program Files\MiKTeX\tex/latex/base\report.cls
Document Class: report 2025/01/22 v1.4n Standard LaTeX document class
(C:\Program Files\MiKTeX\tex/latex/base\size12.clo
File: size12.clo 2025/01/22 v1.4n Standard LaTeX file (size option)
)
\c@part=\count275
\c@chapter=\count276
\c@section=\count277
\c@subsection=\count278
\c@subsubsection=\count279
\c@paragraph=\count280
\c@subparagraph=\count281
\c@figure=\count282
\c@table=\count283
\abovecaptionskip=\skip49
\belowcaptionskip=\skip50
\bibindent=\dimen148
)
(c:\ciencias-ucv-digital-archive\docs\tex\templates/preamble.tex
(C:\Program Files\MiKTeX\tex/generic/babel\babel.sty
Package: babel 2025/12/11 v25.17 The multilingual framework for LuaLaTeX, pdfLa
TeX and XeLaTeX
\babel@savecnt=\count284
LaTeX Encoding Info:    Redeclaring text command \ij (encoding OT1) on input li
ne 2068.
LaTeX Encoding Info:    Redeclaring text command \IJ (encoding OT1) on input li
ne 2070.
LaTeX Encoding Info:    Redeclaring text command \ij (encoding T1) on input lin
e 2072.
LaTeX Encoding Info:    Redeclaring text command \IJ (encoding T1) on input lin
e 2073.
LaTeX Encoding Info:    Ignoring declaration for text command \ij (encoding ?) 
on input line 2074.
LaTeX Encoding Info:    Ignoring declaration for text command \IJ (encoding ?) 
on input line 2076.
LaTeX Encoding Info:    Ignoring declaration for text command \SS (encoding ?) 
on input line 2101.
\U@D=\dimen149
\l@unhyphenated=\language79

(C:\Program Files\MiKTeX\tex/generic/babel\txtbabel.def)
\bbl@readstream=\read2
\bbl@dirlevel=\count285
Package babel Info: Configuration files are deprecated, as
(babel)             they can break document portability.
(babel)             Reported on input line 4196.

*************************************
* Local config file bblopts.cfg used
*
(C:\Program Files\MiKTeX\tex/latex/arabi\bblopts.cfg
File: bblopts.cfg 2005/09/08 v0.1 add Arabic and Farsi to "declared" options of
 babel
)
(C:\Program Files\MiKTeX\tex/generic/babel/locale/es\babel-spanish.tex)
Package babel Info: Importing font and identification data for spanish
(babel)             from babel-es.ini. Reported on input line 4320.

(C:\Program Files\MiKTeX\tex/latex/babel-spanish\spanish.ldf
Language: spanish.ldf 2021/05/27 v5.0q Spanish support from the babel system
\es@quottoks=\toks17
\es@quotdepth=\count286
Package babel Info: Making " an active character on input line 570.
Package babel Info: Making . an active character on input line 675.
Package babel Info: Making < an active character on input line 722.
Package babel Info: Making > an active character on input line 722.
))
LaTeX Encoding Info:    Redeclaring text command \guillemotleft (encoding OT1) 
on input line 2.
LaTeX Encoding Info:    Redeclaring text command \guillemotright (encoding OT1)
 on input line 2.

(C:\Program Files\MiKTeX\tex/generic/iftex\iftex.sty
Package: iftex 2024/12/12 v1.0g TeX engine tests
)
(C:\Program Files\MiKTeX\tex/latex/base\inputenc.sty
Package: inputenc 2024/02/08 v1.3d Input encoding file
\inpenc@prehook=\toks18
\inpenc@posthook=\toks19
)
(C:\Program Files\MiKTeX\tex/latex/base\fontenc.sty
Package: fontenc 2025/07/18 v2.1d Standard LaTeX package
)
(C:\Program Files\MiKTeX\tex/latex/psnfss\helvet.sty
Package: helvet 2020/03/25 PSNFSS-v9.3 (WaS) 

(C:\Program Files\MiKTeX\tex/latex/graphics\keyval.sty
Package: keyval 2022/05/29 v1.15 key=value parser (DPC)
\KV@toks@=\toks20
))
(C:\Program Files\MiKTeX\tex/latex/geometry\geometry.sty
Package: geometry 2020/01/02 v5.9 Page Geometry

(C:\Program Files\MiKTeX\tex/generic/iftex\ifvtex.sty
Package: ifvtex 2019/10/25 v1.7 ifvtex legacy package. Use iftex instead.
)
\Gm@cnth=\count287
\Gm@cntv=\count288
\c@Gm@tempcnt=\count289
\Gm@bindingoffset=\dimen150
\Gm@wd@mp=\dimen151
\Gm@odd@mp=\dimen152
\Gm@even@mp=\dimen153
\Gm@layoutwidth=\dimen154
\Gm@layoutheight=\dimen155
\Gm@layouthoffset=\dimen156
\Gm@layoutvoffset=\dimen157
\Gm@dimlist=\toks21

(C:\Program Files\MiKTeX\tex/latex/geometry\geometry.cfg))
(C:\Program Files\MiKTeX\tex/latex/setspace\setspace.sty
Package: setspace 2022/12/04 v6.7b set line spacing
)
(C:\Program Files\MiKTeX\tex/latex/graphics\graphicx.sty
Package: graphicx 2024/12/31 v1.2e Enhanced LaTeX Graphics (DPC,SPQR)

(C:\Program Files\MiKTeX\tex/latex/graphics\graphics.sty
Package: graphics 2024/08/06 v1.4g Standard LaTeX Graphics (DPC,SPQR)

(C:\Program Files\MiKTeX\tex/latex/graphics\trig.sty
Package: trig 2023/12/02 v1.11 sin cos tan (DPC)
)
(C:\Program Files\MiKTeX\tex/latex/graphics-cfg\graphics.cfg
File: graphics.cfg 2016/06/04 v1.11 sample graphics configuration
)
Package graphics Info: Driver file: pdftex.def on input line 106.

(C:\Program Files\MiKTeX\tex/latex/graphics-def\pdftex.def
File: pdftex.def 2025/09/29 v1.2d Graphics/color driver for pdftex
))
\Gin@req@height=\dimen158
\Gin@req@width=\dimen159
)
(C:\Program Files\MiKTeX\tex/latex/booktabs\booktabs.sty
Package: booktabs 2020/01/12 v1.61803398 Publication quality tables
\heavyrulewidth=\dimen160
\lightrulewidth=\dimen161
\cmidrulewidth=\dimen162
\belowrulesep=\dimen163
\belowbottomsep=\dimen164
\aboverulesep=\dimen165
\abovetopsep=\dimen166
\cmidrulesep=\dimen167
\cmidrulekern=\dimen168
\defaultaddspace=\dimen169
\@cmidla=\count290
\@cmidlb=\count291
\@aboverulesep=\dimen170
\@belowrulesep=\dimen171
\@thisruleclass=\count292
\@lastruleclass=\count293
\@thisrulewidth=\dimen172
)
(C:\Program Files\MiKTeX\tex/latex/tools\longtable.sty
Package: longtable 2025-10-13 v4.24 Multi-page Table package (DPC)
\LTleft=\skip51
\LTright=\skip52
\LTpre=\skip53
\LTpost=\skip54
\LTchunksize=\count294
\LTcapwidth=\dimen173
\LT@head=\box53
\LT@firsthead=\box54
\LT@foot=\box55
\LT@lastfoot=\box56
\LT@gbox=\box57
\LT@cols=\count295
\LT@rows=\count296
\c@LT@tables=\count297
\c@LT@chunks=\count298
\LT@p@ftn=\toks22
)
(C:\Program Files\MiKTeX\tex/latex/tools\array.sty
Package: array 2025/09/25 v2.6n Tabular extension package (FMi)
\col@sep=\dimen174
\ar@mcellbox=\box58
\extrarowheight=\dimen175
\NC@list=\toks23
\extratabsurround=\skip55
\backup@length=\skip56
\ar@cellbox=\box59
)
(C:\Program Files\MiKTeX\tex/latex/tools\tabularx.sty
Package: tabularx 2023/12/11 v2.12a `tabularx' package (DPC)
\TX@col@width=\dimen176
\TX@old@table=\dimen177
\TX@old@col=\dimen178
\TX@target=\dimen179
\TX@delta=\dimen180
\TX@cols=\count299
\TX@ftn=\toks24
)
(C:\Program Files\MiKTeX\tex/latex/enumitem\enumitem.sty
Package: enumitem 2025/02/06 v3.11 Customized lists
\labelindent=\skip57
\enit@outerparindent=\dimen181
\enit@toks=\toks25
\enit@inbox=\box60
\enit@count@id=\count300
\enitdp@description=\count301
)
(C:\Program Files\MiKTeX\tex/latex/caption\caption.sty
Package: caption 2023/08/05 v3.6o Customizing captions (AR)

(C:\Program Files\MiKTeX\tex/latex/caption\caption3.sty
Package: caption3 2023/07/31 v2.4d caption3 kernel (AR)
\caption@tempdima=\dimen182
\captionmargin=\dimen183
\caption@leftmargin=\dimen184
\caption@rightmargin=\dimen185
\caption@width=\dimen186
\caption@indent=\dimen187
\caption@parindent=\dimen188
\caption@hangindent=\dimen189
Package caption Info: Standard document class detected.
)
\c@caption@flags=\count302
\c@continuedfloat=\count303
Package caption Info: longtable package is loaded.

(C:\Program Files\MiKTeX\tex/latex/caption\ltcaption.sty
Package: ltcaption 2021/01/08 v1.4c longtable captions (AR)
))
(C:\Program Files\MiKTeX\tex/latex/hyperref\hyperref.sty
Package: hyperref 2025-07-12 v7.01o Hypertext links for LaTeX

(C:\Program Files\MiKTeX\tex/latex/kvsetkeys\kvsetkeys.sty
Package: kvsetkeys 2022-10-05 v1.19 Key value parser (HO)
)
(C:\Program Files\MiKTeX\tex/generic/kvdefinekeys\kvdefinekeys.sty
Package: kvdefinekeys 2019-12-19 v1.6 Define keys (HO)
)
(C:\Program Files\MiKTeX\tex/generic/pdfescape\pdfescape.sty
Package: pdfescape 2019/12/09 v1.15 Implements pdfTeX's escape features (HO)

(C:\Program Files\MiKTeX\tex/generic/ltxcmds\ltxcmds.sty
Package: ltxcmds 2023-12-04 v1.26 LaTeX kernel commands for general use (HO)
)
(C:\Program Files\MiKTeX\tex/generic/pdftexcmds\pdftexcmds.sty
Package: pdftexcmds 2020-06-27 v0.33 Utility functions of pdfTeX for LuaTeX (HO
)

(C:\Program Files\MiKTeX\tex/generic/infwarerr\infwarerr.sty
Package: infwarerr 2019/12/03 v1.5 Providing info/warning/error messages (HO)
)
Package pdftexcmds Info: \pdf@primitive is available.
Package pdftexcmds Info: \pdf@ifprimitive is available.
Package pdftexcmds Info: \pdfdraftmode found.
))
(C:\Program Files\MiKTeX\tex/latex/hycolor\hycolor.sty
Package: hycolor 2020-01-27 v1.10 Color options for hyperref/bookmark (HO)
)
(C:\Program Files\MiKTeX\tex/latex/hyperref\nameref.sty
Package: nameref 2025-06-21 v2.57 Cross-referencing by name of section

(C:\Program Files\MiKTeX\tex/latex/refcount\refcount.sty
Package: refcount 2019/12/15 v3.6 Data extraction from label references (HO)
)
(C:\Program Files\MiKTeX\tex/generic/gettitlestring\gettitlestring.sty
Package: gettitlestring 2019/12/15 v1.6 Cleanup title references (HO)

(C:\Program Files\MiKTeX\tex/latex/kvoptions\kvoptions.sty
Package: kvoptions 2022-06-15 v3.15 Key value format for package options (HO)
))
\c@section@level=\count304
)
(C:\Program Files\MiKTeX\tex/latex/etoolbox\etoolbox.sty
Package: etoolbox 2025/10/02 v2.5m e-TeX tools for LaTeX (JAW)
\etb@tempcnta=\count305
)
(C:\Program Files\MiKTeX\tex/generic/stringenc\stringenc.sty
Package: stringenc 2019/11/29 v1.12 Convert strings between diff. encodings (HO
)
)
\@linkdim=\dimen190
\Hy@linkcounter=\count306
\Hy@pagecounter=\count307

(C:\Program Files\MiKTeX\tex/latex/hyperref\pd1enc.def
File: pd1enc.def 2025-07-12 v7.01o Hyperref: PDFDocEncoding definition (HO)
Now handling font encoding PD1 ...
... no UTF-8 mapping file for font encoding PD1
)
(C:\Program Files\MiKTeX\tex/generic/intcalc\intcalc.sty
Package: intcalc 2019/12/15 v1.3 Expandable calculations with integers (HO)
)
\Hy@SavedSpaceFactor=\count308

(C:\Program Files\MiKTeX\tex/latex/hyperref\puenc.def
File: puenc.def 2025-07-12 v7.01o Hyperref: PDF Unicode definition (HO)
Now handling font encoding PU ...
... no UTF-8 mapping file for font encoding PU
)
Package hyperref Info: Hyper figures OFF on input line 4195.
Package hyperref Info: Link nesting OFF on input line 4200.
Package hyperref Info: Hyper index ON on input line 4203.
Package hyperref Info: Plain pages OFF on input line 4210.
Package hyperref Info: Backreferencing OFF on input line 4215.
Package hyperref Info: Implicit mode ON; LaTeX internals redefined.
Package hyperref Info: Bookmarks ON on input line 4462.
\c@Hy@tempcnt=\count309

(C:\Program Files\MiKTeX\tex/latex/url\url.sty
\Urlmuskip=\muskip17
Package: url 2013/09/16  ver 3.4  Verb mode for urls, etc.
)
LaTeX Info: Redefining \url on input line 4801.
\XeTeXLinkMargin=\dimen191

(C:\Program Files\MiKTeX\tex/generic/bitset\bitset.sty
Package: bitset 2019/12/09 v1.3 Handle bit-vector datatype (HO)

(C:\Program Files\MiKTeX\tex/generic/bigintcalc\bigintcalc.sty
Package: bigintcalc 2019/12/15 v1.5 Expandable calculations on big integers (HO
)
))
\Fld@menulength=\count310
\Field@Width=\dimen192
\Fld@charsize=\dimen193
Package hyperref Info: Hyper figures OFF on input line 6078.
Package hyperref Info: Link nesting OFF on input line 6083.
Package hyperref Info: Hyper index ON on input line 6086.
Package hyperref Info: backreferencing OFF on input line 6093.
Package hyperref Info: Link coloring OFF on input line 6098.
Package hyperref Info: Link coloring with OCG OFF on input line 6103.
Package hyperref Info: PDF/A mode OFF on input line 6108.
\Hy@abspage=\count311
\c@Item=\count312
\c@Hfootnote=\count313
)
Package hyperref Info: Driver (autodetected): hpdftex.

(C:\Program Files\MiKTeX\tex/latex/hyperref\hpdftex.def
File: hpdftex.def 2025-07-12 v7.01o Hyperref driver for pdfTeX
\Fld@listcount=\count314
\c@bookmark@seq@number=\count315

(C:\Program Files\MiKTeX\tex/latex/rerunfilecheck\rerunfilecheck.sty
Package: rerunfilecheck 2025-06-21 v1.11 Rerun checks for auxiliary files (HO)

(C:\Program Files\MiKTeX\tex/generic/uniquecounter\uniquecounter.sty
Package: uniquecounter 2019/12/15 v1.4 Provide unlimited unique counter (HO)
)
Package uniquecounter Info: New unique counter `rerunfilecheck' on input line 2
84.
)
\Hy@SectionHShift=\skip58
)
(C:\Program Files\MiKTeX\tex/latex/xcolor\xcolor.sty
Package: xcolor 2024/09/29 v3.02 LaTeX color extensions (UK)

(C:\Program Files\MiKTeX\tex/latex/graphics-cfg\color.cfg
File: color.cfg 2016/01/02 v1.6 sample color configuration
)
Package xcolor Info: Driver file: pdftex.def on input line 274.

(C:\Program Files\MiKTeX\tex/latex/graphics\mathcolor.ltx)
Package xcolor Info: Model `cmy' substituted by `cmy0' on input line 1349.
Package xcolor Info: Model `hsb' substituted by `rgb' on input line 1353.
Package xcolor Info: Model `RGB' extended on input line 1365.
Package xcolor Info: Model `HTML' substituted by `rgb' on input line 1367.
Package xcolor Info: Model `Hsb' substituted by `hsb' on input line 1368.
Package xcolor Info: Model `tHsb' substituted by `hsb' on input line 1369.
Package xcolor Info: Model `HSB' substituted by `hsb' on input line 1370.
Package xcolor Info: Model `Gray' substituted by `gray' on input line 1371.
Package xcolor Info: Model `wave' substituted by `hsb' on input line 1372.
)
(C:\Program Files\MiKTeX\tex/latex/titlesec\titlesec.sty
Package: titlesec 2025/01/04 v2.17 Sectioning titles
\ttl@box=\box61
\beforetitleunit=\skip59
\aftertitleunit=\skip60
\ttl@plus=\dimen194
\ttl@minus=\dimen195
\ttl@toksa=\toks26
\titlewidth=\dimen196
\titlewidthlast=\dimen197
\titlewidthfirst=\dimen198
)
(C:\Program Files\MiKTeX\tex/latex/fancyhdr\fancyhdr.sty
Package: fancyhdr 2025/02/07 v5.2 Extensive control of page headers and footers

\f@nch@headwidth=\skip61
\f@nch@offset@elh=\skip62
\f@nch@offset@erh=\skip63
\f@nch@offset@olh=\skip64
\f@nch@offset@orh=\skip65
\f@nch@offset@elf=\skip66
\f@nch@offset@erf=\skip67
\f@nch@offset@olf=\skip68
\f@nch@offset@orf=\skip69
\f@nch@height=\skip70
\f@nch@footalignment=\skip71
\f@nch@widthL=\skip72
\f@nch@widthC=\skip73
\f@nch@widthR=\skip74
\@temptokenb=\toks27
)
(C:\Program Files\MiKTeX\tex/latex/pgf/frontendlayer\tikz.sty
(C:\Program Files\MiKTeX\tex/latex/pgf/basiclayer\pgf.sty
(C:\Program Files\MiKTeX\tex/latex/pgf/utilities\pgfrcs.sty
(C:\Program Files\MiKTeX\tex/generic/pgf/utilities\pgfutil-common.tex
\pgfutil@everybye=\toks28
\pgfutil@tempdima=\dimen199
\pgfutil@tempdimb=\dimen256
)
(C:\Program Files\MiKTeX\tex/generic/pgf/utilities\pgfutil-latex.def
\pgfutil@abb=\box62
)
(C:\Program Files\MiKTeX\tex/generic/pgf/utilities\pgfrcs.code.tex
(C:\Program Files\MiKTeX\tex/generic/pgf\pgf.revision.tex)
Package: pgfrcs 2025-08-29 v3.1.11a (3.1.11a)
))
Package: pgf 2025-08-29 v3.1.11a (3.1.11a)

(C:\Program Files\MiKTeX\tex/latex/pgf/basiclayer\pgfcore.sty
(C:\Program Files\MiKTeX\tex/latex/pgf/systemlayer\pgfsys.sty
(C:\Program Files\MiKTeX\tex/generic/pgf/systemlayer\pgfsys.code.tex
Package: pgfsys 2025-08-29 v3.1.11a (3.1.11a)

(C:\Program Files\MiKTeX\tex/generic/pgf/utilities\pgfkeys.code.tex
\pgfkeys@pathtoks=\toks29
\pgfkeys@temptoks=\toks30

(C:\Program Files\MiKTeX\tex/generic/pgf/utilities\pgfkeyslibraryfiltered.code.
tex
\pgfkeys@tmptoks=\toks31
))
\pgf@x=\dimen257
\pgf@y=\dimen258
\pgf@xa=\dimen259
\pgf@ya=\dimen260
\pgf@xb=\dimen261
\pgf@yb=\dimen262
\pgf@xc=\dimen263
\pgf@yc=\dimen264
\pgf@xd=\dimen265
\pgf@yd=\dimen266
\w@pgf@writea=\write3
\r@pgf@reada=\read3
\c@pgf@counta=\count316
\c@pgf@countb=\count317
\c@pgf@countc=\count318
\c@pgf@countd=\count319
\t@pgf@toka=\toks32
\t@pgf@tokb=\toks33
\t@pgf@tokc=\toks34
\pgf@sys@id@count=\count320
 (C:\Program Files\MiKTeX\tex/generic/pgf/systemlayer\pgf.cfg
File: pgf.cfg 2025-08-29 v3.1.11a (3.1.11a)
)
Driver file for pgf: pgfsys-pdftex.def

(C:\Program Files\MiKTeX\tex/generic/pgf/systemlayer\pgfsys-pdftex.def
File: pgfsys-pdftex.def 2025-08-29 v3.1.11a (3.1.11a)

(C:\Program Files\MiKTeX\tex/generic/pgf/systemlayer\pgfsys-common-pdf.def
File: pgfsys-common-pdf.def 2025-08-29 v3.1.11a (3.1.11a)
)))
(C:\Program Files\MiKTeX\tex/generic/pgf/systemlayer\pgfsyssoftpath.code.tex
File: pgfsyssoftpath.code.tex 2025-08-29 v3.1.11a (3.1.11a)
\pgfsyssoftpath@smallbuffer@items=\count321
\pgfsyssoftpath@bigbuffer@items=\count322
)
(C:\Program Files\MiKTeX\tex/generic/pgf/systemlayer\pgfsysprotocol.code.tex
File: pgfsysprotocol.code.tex 2025-08-29 v3.1.11a (3.1.11a)
))
(C:\Program Files\MiKTeX\tex/generic/pgf/basiclayer\pgfcore.code.tex
Package: pgfcore 2025-08-29 v3.1.11a (3.1.11a)

(C:\Program Files\MiKTeX\tex/generic/pgf/math\pgfmath.code.tex
(C:\Program Files\MiKTeX\tex/generic/pgf/math\pgfmathutil.code.tex)
(C:\Program Files\MiKTeX\tex/generic/pgf/math\pgfmathparser.code.tex
\pgfmath@dimen=\dimen267
\pgfmath@count=\count323
\pgfmath@box=\box63
\pgfmath@toks=\toks35
\pgfmath@stack@operand=\toks36
\pgfmath@stack@operation=\toks37
)
(C:\Program Files\MiKTeX\tex/generic/pgf/math\pgfmathfunctions.code.tex)
(C:\Program Files\MiKTeX\tex/generic/pgf/math\pgfmathfunctions.basic.code.tex)
(C:\Program Files\MiKTeX\tex/generic/pgf/math\pgfmathfunctions.trigonometric.co
de.tex)
(C:\Program Files\MiKTeX\tex/generic/pgf/math\pgfmathfunctions.random.code.tex)

(C:\Program Files\MiKTeX\tex/generic/pgf/math\pgfmathfunctions.comparison.code.
tex)
(C:\Program Files\MiKTeX\tex/generic/pgf/math\pgfmathfunctions.base.code.tex)
(C:\Program Files\MiKTeX\tex/generic/pgf/math\pgfmathfunctions.round.code.tex)
(C:\Program Files\MiKTeX\tex/generic/pgf/math\pgfmathfunctions.misc.code.tex)
(C:\Program Files\MiKTeX\tex/generic/pgf/math\pgfmathfunctions.integerarithmeti
cs.code.tex) (C:\Program Files\MiKTeX\tex/generic/pgf/math\pgfmathcalc.code.tex
) (C:\Program Files\MiKTeX\tex/generic/pgf/math\pgfmathfloat.code.tex
\c@pgfmathroundto@lastzeros=\count324
))
(C:\Program Files\MiKTeX\tex/generic/pgf/math\pgfint.code.tex)
(C:\Program Files\MiKTeX\tex/generic/pgf/basiclayer\pgfcorepoints.code.tex
File: pgfcorepoints.code.tex 2025-08-29 v3.1.11a (3.1.11a)
\pgf@picminx=\dimen268
\pgf@picmaxx=\dimen269
\pgf@picminy=\dimen270
\pgf@picmaxy=\dimen271
\pgf@pathminx=\dimen272
\pgf@pathmaxx=\dimen273
\pgf@pathminy=\dimen274
\pgf@pathmaxy=\dimen275
\pgf@xx=\dimen276
\pgf@xy=\dimen277
\pgf@yx=\dimen278
\pgf@yy=\dimen279
\pgf@zx=\dimen280
\pgf@zy=\dimen281
)
(C:\Program Files\MiKTeX\tex/generic/pgf/basiclayer\pgfcorepathconstruct.code.t
ex
File: pgfcorepathconstruct.code.tex 2025-08-29 v3.1.11a (3.1.11a)
\pgf@path@lastx=\dimen282
\pgf@path@lasty=\dimen283
)
(C:\Program Files\MiKTeX\tex/generic/pgf/basiclayer\pgfcorepathusage.code.tex
File: pgfcorepathusage.code.tex 2025-08-29 v3.1.11a (3.1.11a)
\pgf@shorten@end@additional=\dimen284
\pgf@shorten@start@additional=\dimen285
)
(C:\Program Files\MiKTeX\tex/generic/pgf/basiclayer\pgfcorescopes.code.tex
File: pgfcorescopes.code.tex 2025-08-29 v3.1.11a (3.1.11a)
\pgfpic=\box64
\pgf@hbox=\box65
\pgf@layerbox@main=\box66
\pgf@picture@serial@count=\count325
)
(C:\Program Files\MiKTeX\tex/generic/pgf/basiclayer\pgfcoregraphicstate.code.te
x
File: pgfcoregraphicstate.code.tex 2025-08-29 v3.1.11a (3.1.11a)
\pgflinewidth=\dimen286
)
(C:\Program Files\MiKTeX\tex/generic/pgf/basiclayer\pgfcoretransformations.code
.tex
File: pgfcoretransformations.code.tex 2025-08-29 v3.1.11a (3.1.11a)
\pgf@pt@x=\dimen287
\pgf@pt@y=\dimen288
\pgf@pt@temp=\dimen289
) (C:\Program Files\MiKTeX\tex/generic/pgf/basiclayer\pgfcorequick.code.tex
File: pgfcorequick.code.tex 2025-08-29 v3.1.11a (3.1.11a)
) (C:\Program Files\MiKTeX\tex/generic/pgf/basiclayer\pgfcoreobjects.code.tex
File: pgfcoreobjects.code.tex 2025-08-29 v3.1.11a (3.1.11a)
)
(C:\Program Files\MiKTeX\tex/generic/pgf/basiclayer\pgfcorepathprocessing.code.
tex
File: pgfcorepathprocessing.code.tex 2025-08-29 v3.1.11a (3.1.11a)
) (C:\Program Files\MiKTeX\tex/generic/pgf/basiclayer\pgfcorearrows.code.tex
File: pgfcorearrows.code.tex 2025-08-29 v3.1.11a (3.1.11a)
\pgfarrowsep=\dimen290
) (C:\Program Files\MiKTeX\tex/generic/pgf/basiclayer\pgfcoreshade.code.tex
File: pgfcoreshade.code.tex 2025-08-29 v3.1.11a (3.1.11a)
\pgf@max=\dimen291
\pgf@sys@shading@range@num=\count326
\pgf@shadingcount=\count327
)
(C:\Program Files\MiKTeX\tex/generic/pgf/basiclayer\pgfcoreimage.code.tex
File: pgfcoreimage.code.tex 2025-08-29 v3.1.11a (3.1.11a)
)
(C:\Program Files\MiKTeX\tex/generic/pgf/basiclayer\pgfcoreexternal.code.tex
File: pgfcoreexternal.code.tex 2025-08-29 v3.1.11a (3.1.11a)
\pgfexternal@startupbox=\box67
)
(C:\Program Files\MiKTeX\tex/generic/pgf/basiclayer\pgfcorelayers.code.tex
File: pgfcorelayers.code.tex 2025-08-29 v3.1.11a (3.1.11a)
)
(C:\Program Files\MiKTeX\tex/generic/pgf/basiclayer\pgfcoretransparency.code.te
x
File: pgfcoretransparency.code.tex 2025-08-29 v3.1.11a (3.1.11a)
) (C:\Program Files\MiKTeX\tex/generic/pgf/basiclayer\pgfcorepatterns.code.tex
File: pgfcorepatterns.code.tex 2025-08-29 v3.1.11a (3.1.11a)
) (C:\Program Files\MiKTeX\tex/generic/pgf/basiclayer\pgfcorerdf.code.tex
File: pgfcorerdf.code.tex 2025-08-29 v3.1.11a (3.1.11a)
)))
(C:\Program Files\MiKTeX\tex/generic/pgf/modules\pgfmoduleshapes.code.tex
File: pgfmoduleshapes.code.tex 2025-08-29 v3.1.11a (3.1.11a)
\pgfnodeparttextbox=\box68
)
(C:\Program Files\MiKTeX\tex/generic/pgf/modules\pgfmoduleplot.code.tex
File: pgfmoduleplot.code.tex 2025-08-29 v3.1.11a (3.1.11a)
)
(C:\Program Files\MiKTeX\tex/latex/pgf/compatibility\pgfcomp-version-0-65.sty
Package: pgfcomp-version-0-65 2025-08-29 v3.1.11a (3.1.11a)
\pgf@nodesepstart=\dimen292
\pgf@nodesepend=\dimen293
)
(C:\Program Files\MiKTeX\tex/latex/pgf/compatibility\pgfcomp-version-1-18.sty
Package: pgfcomp-version-1-18 2025-08-29 v3.1.11a (3.1.11a)
)) (C:\Program Files\MiKTeX\tex/latex/pgf/utilities\pgffor.sty
(C:\Program Files\MiKTeX\tex/latex/pgf/utilities\pgfkeys.sty
(C:\Program Files\MiKTeX\tex/generic/pgf/utilities\pgfkeys.code.tex))
(C:\Program Files\MiKTeX\tex/latex/pgf/math\pgfmath.sty
(C:\Program Files\MiKTeX\tex/generic/pgf/math\pgfmath.code.tex))
(C:\Program Files\MiKTeX\tex/generic/pgf/utilities\pgffor.code.tex
Package: pgffor 2025-08-29 v3.1.11a (3.1.11a)
\pgffor@iter=\dimen294
\pgffor@skip=\dimen295
\pgffor@stack=\toks38
\pgffor@toks=\toks39
))
(C:\Program Files\MiKTeX\tex/generic/pgf/frontendlayer/tikz\tikz.code.tex
Package: tikz 2025-08-29 v3.1.11a (3.1.11a)

(C:\Program Files\MiKTeX\tex/generic/pgf/libraries\pgflibraryplothandlers.code.
tex
File: pgflibraryplothandlers.code.tex 2025-08-29 v3.1.11a (3.1.11a)
\pgf@plot@mark@count=\count328
\pgfplotmarksize=\dimen296
)
\tikz@lastx=\dimen297
\tikz@lasty=\dimen298
\tikz@lastxsaved=\dimen299
\tikz@lastysaved=\dimen300
\tikz@lastmovetox=\dimen301
\tikz@lastmovetoy=\dimen302
\tikzleveldistance=\dimen303
\tikzsiblingdistance=\dimen304
\tikz@figbox=\box69
\tikz@figbox@bg=\box70
\tikz@tempbox=\box71
\tikz@tempbox@bg=\box72
\tikztreelevel=\count329
\tikznumberofchildren=\count330
\tikznumberofcurrentchild=\count331
\tikz@fig@count=\count332
 (C:\Program Files\MiKTeX\tex/generic/pgf/modules\pgfmodulematrix.code.tex
File: pgfmodulematrix.code.tex 2025-08-29 v3.1.11a (3.1.11a)
\pgfmatrixcurrentrow=\count333
\pgfmatrixcurrentcolumn=\count334
\pgf@matrix@numberofcolumns=\count335
)
\tikz@expandcount=\count336

(C:\Program Files\MiKTeX\tex/generic/pgf/frontendlayer/tikz/libraries\tikzlibra
rytopaths.code.tex
File: tikzlibrarytopaths.code.tex 2025-08-29 v3.1.11a (3.1.11a)
)))
(C:\Program Files\MiKTeX\tex/generic/pgf/frontendlayer/tikz/libraries\tikzlibra
rypositioning.code.tex
File: tikzlibrarypositioning.code.tex 2025-08-29 v3.1.11a (3.1.11a)
)
(C:\Program Files\MiKTeX\tex/generic/pgf/libraries\pgflibraryarrows.meta.code.t
ex
File: pgflibraryarrows.meta.code.tex 2025-08-29 v3.1.11a (3.1.11a)
\pgfarrowinset=\dimen305
\pgfarrowlength=\dimen306
\pgfarrowwidth=\dimen307
\pgfarrowlinewidth=\dimen308
)
(C:\Program Files\MiKTeX\tex/generic/pgf/frontendlayer/tikz/libraries\tikzlibra
ryshapes.geometric.code.tex
File: tikzlibraryshapes.geometric.code.tex 2025-08-29 v3.1.11a (3.1.11a)

(C:\Program Files\MiKTeX\tex/generic/pgf/libraries/shapes\pgflibraryshapes.geom
etric.code.tex
File: pgflibraryshapes.geometric.code.tex 2025-08-29 v3.1.11a (3.1.11a)
))
Package hyperref Info: Option `colorlinks' set `true' on input line 39.
)
LaTeX Font Info:    Trying to load font information for T1+phv on input line 5.

 (C:\Program Files\MiKTeX\tex/latex/psnfss\t1phv.fd
File: t1phv.fd 2020/03/25 scalable font definitions for T1/phv.
)
LaTeX Font Info:    Font shape `T1/phv/m/n' will be
(Font)              scaled to size 11.39996pt on input line 5.

(C:\Program Files\MiKTeX\tex/latex/l3backend\l3backend-pdftex.def
File: l3backend-pdftex.def 2025-10-09 L3 backend support: PDF output (pdfTeX)
\l__color_backend_stack_int=\count337
)
(c:\ciencias-ucv-digital-archive\docs\tex\main.aux
LaTeX Info: Redefining \. on input line 11.
LaTeX Info: Redefining \% on input line 11.
Package babel Info: 'spanish' activates 'spanish' shorthands.
(babel)             Reported on input line 11.
)
\openout1 = `main.aux'.

LaTeX Font Info:    Checking defaults for OML/cmm/m/it on input line 5.
LaTeX Font Info:    ... okay on input line 5.
LaTeX Font Info:    Checking defaults for OMS/cmsy/m/n on input line 5.
LaTeX Font Info:    ... okay on input line 5.
LaTeX Font Info:    Checking defaults for OT1/cmr/m/n on input line 5.
LaTeX Font Info:    ... okay on input line 5.
LaTeX Font Info:    Checking defaults for T1/cmr/m/n on input line 5.
LaTeX Font Info:    ... okay on input line 5.
LaTeX Font Info:    Checking defaults for TS1/cmr/m/n on input line 5.
LaTeX Font Info:    ... okay on input line 5.
LaTeX Font Info:    Checking defaults for OMX/cmex/m/n on input line 5.
LaTeX Font Info:    ... okay on input line 5.
LaTeX Font Info:    Checking defaults for U/cmr/m/n on input line 5.
LaTeX Font Info:    ... okay on input line 5.
LaTeX Font Info:    Checking defaults for PD1/pdf/m/n on input line 5.
LaTeX Font Info:    ... okay on input line 5.
LaTeX Font Info:    Checking defaults for PU/pdf/m/n on input line 5.
LaTeX Font Info:    ... okay on input line 5.
LaTeX Info: Redefining \. on input line 5.
LaTeX Info: Redefining \% on input line 5.

*geometry* driver: auto-detecting
*geometry* detected driver: pdftex
*geometry* verbose mode - [ preamble ] result:
* driver: pdftex
* paper: a4paper
* layout: <same size as paper>
* layoutoffset:(h,v)=(0.0pt,0.0pt)
* modes: 
* h-part:(L,W,R)=(71.13188pt, 455.24411pt, 71.13188pt)
* v-part:(T,H,B)=(71.13188pt, 702.78308pt, 71.13188pt)
* \paperwidth=597.50787pt
* \paperheight=845.04684pt
* \textwidth=455.24411pt
* \textheight=702.78308pt
* \oddsidemargin=-1.1381pt
* \evensidemargin=-1.1381pt
* \topmargin=-38.1381pt
* \headheight=15.0pt
* \headsep=25.0pt
* \topskip=12.0pt
* \footskip=30.0pt
* \marginparwidth=35.0pt
* \marginparsep=10.0pt
* \columnsep=10.0pt
* \skip\footins=10.8pt plus 4.0pt minus 2.0pt
* \hoffset=0.0pt
* \voffset=0.0pt
* \mag=1000
* \@twocolumnfalse
* \@twosidefalse
* \@mparswitchfalse
* \@reversemarginfalse
* (1in=72.27pt=25.4mm, 1cm=28.453pt)

(C:\Program Files\MiKTeX\tex/context/base/mkii\supp-pdf.mkii
[Loading MPS to PDF converter (version 2006.09.02).]
\scratchcounter=\count338
\scratchdimen=\dimen309
\scratchbox=\box73
\nofMPsegments=\count339
\nofMParguments=\count340
\everyMPshowfont=\toks40
\MPscratchCnt=\count341
\MPscratchDim=\dimen310
\MPnumerator=\count342
\makeMPintoPDFobject=\count343
\everyMPtoPDFconversion=\toks41
) (C:\Program Files\MiKTeX\tex/latex/epstopdf-pkg\epstopdf-base.sty
Package: epstopdf-base 2020-01-24 v2.11 Base part for package epstopdf
Package epstopdf-base Info: Redefining graphics rule for `.eps' on input line 4
85.

(C:\Program Files\MiKTeX\tex/latex/00miktex\epstopdf-sys.cfg
File: epstopdf-sys.cfg 2021/03/18 v2.0 Configuration of epstopdf for MiKTeX
))
Package caption Info: Begin \AtBeginDocument code.
Package caption Info: hyperref package is loaded.
Package caption Info: End \AtBeginDocument code.
Package hyperref Info: Link coloring ON on input line 5.

(c:\ciencias-ucv-digital-archive\docs\tex\main.out)
(c:\ciencias-ucv-digital-archive\docs\tex\main.out)
\@outlinefile=\write4
\openout4 = `main.out'.


(c:\ciencias-ucv-digital-archive\docs\tex\templates/cover.tex
LaTeX Font Info:    Font shape `T1/phv/m/n' will be
(Font)              scaled to size 16.41594pt on input line 3.
LaTeX Font Info:    Font shape `T1/phv/m/n' will be
(Font)              scaled to size 13.67995pt on input line 5.
LaTeX Font Info:    Font shape `T1/phv/m/n' will be
(Font)              scaled to size 23.63593pt on input line 8.
LaTeX Font Info:    Font shape `T1/phv/b/n' will be
(Font)              scaled to size 23.63593pt on input line 8.
LaTeX Font Info:    Font shape `T1/phv/m/n' will be
(Font)              scaled to size 19.70294pt on input line 10.
LaTeX Font Info:    External font `cmex10' loaded for size
(Font)              <12> on input line 16.
LaTeX Font Info:    External font `cmex10' loaded for size
(Font)              <8> on input line 16.
LaTeX Font Info:    External font `cmex10' loaded for size
(Font)              <6> on input line 16.
LaTeX Font Info:    Font shape `T1/phv/b/n' will be
(Font)              scaled to size 11.39996pt on input line 17.
 [1

{C:/Users/usuario/AppData/Local/MiKTeX/fonts/map/pdftex/pdftex.map}{C:/Program 
Files/MiKTeX/fonts/enc/dvips/base/8r.enc}])
(c:\ciencias-ucv-digital-archive\docs\tex\templates/frontmatter.tex
LaTeX Font Info:    Font shape `T1/phv/b/n' will be
(Font)              scaled to size 16.41594pt on input line 3.

Overfull \hbox (8.67949pt too wide) in alignment at lines 6--12
 [] [] [] 
 []

LaTeX Font Info:    Font shape `T1/phv/m/n' will be
(Font)              scaled to size 9.49997pt on input line 14.
LaTeX Font Info:    Font shape `T1/phv/m/sc' will be
(Font)              scaled to size 11.39996pt on input line 14.
[1

] (c:\ciencias-ucv-digital-archive\docs\tex\main.toc
LaTeX Info: Redefining \. on input line 1.
LaTeX Info: Redefining \% on input line 1.
LaTeX Font Info:    Font shape `T1/phv/b/sc' will be
(Font)              scaled to size 11.39996pt on input line 2.
 [2

] [3] [4]
Overfull \hbox (4.71887pt too wide) detected at line 118
\T1/phv/m/n/12 13.8.10. 
 []


Overfull \hbox (4.71887pt too wide) detected at line 119
\T1/phv/m/n/12 13.8.11. 
 []


Overfull \hbox (4.71887pt too wide) detected at line 120
\T1/phv/m/n/12 13.8.12. 
 []


Overfull \hbox (4.71887pt too wide) detected at line 121
\T1/phv/m/n/12 13.8.13. 
 []


Overfull \hbox (4.71887pt too wide) detected at line 122
\T1/phv/m/n/12 13.8.14. 
 []

[5])
\tf@toc=\write5
\openout5 = `main.toc'.

 [6] (c:\ciencias-ucv-digital-archive\docs\tex\main.lof
LaTeX Info: Redefining \. on input line 1.
LaTeX Info: Redefining \% on input line 1.
)
\tf@lof=\write6
\openout6 = `main.lof'.

 [7

])
Cap\'{\i }tulo 1.
(c:\ciencias-ucv-digital-archive\docs\tex\chapters/01_resumen_ejecutivo.tex
pdfTeX warning (ext4): destination with the same identifier (name{page.1}) has 
been already used, duplicate ignored
<to be read again> 
                   \relax 
l.28 \end{enumerate}
                     [1


]) [2]
Cap\'{\i }tulo 2.
(c:\ciencias-ucv-digital-archive\docs\tex\chapters/02_contexto_mision.tex
[3

]) [4]
Cap\'{\i }tulo 3.
(c:\ciencias-ucv-digital-archive\docs\tex\chapters/03_objetivos_alcance.tex
Overfull \hbox (12.15762pt too wide) in paragraph at lines 9--10
[]\T1/phv/m/n/12 Definir una ar-qui-tec-tu-ra de evo-lu-cion ha-cia en-tor-nos 
re-la-cio-na-les y nu-be pri-va-da/hibrida. 
 []

[5

]) [6]
Cap\'{\i }tulo 4.
(c:\ciencias-ucv-digital-archive\docs\tex\chapters/04_requerimientos.tex
[7

]
ignored error: Infinite glue shrinkage found in box being split [8] [9]
Underfull \hbox (badness 10000) in paragraph at lines 137--137
[]|\T1/phv/m/n/12 Producción (App + Post-
 []

[10]) [11]
Cap\'{\i }tulo 5.

(c:\ciencias-ucv-digital-archive\docs\tex\chapters/04_arquitectura_objetivo.tex
[12

]) [13]
Cap\'{\i }tulo 6.
(c:\ciencias-ucv-digital-archive\docs\tex\chapters/05_diseno_funcional.tex
[14

]) [15]
Cap\'{\i }tulo 7.
(c:\ciencias-ucv-digital-archive\docs\tex\chapters/06_diseno_tecnico.tex
[16

]) [17]
Cap\'{\i }tulo 8.
(c:\ciencias-ucv-digital-archive\docs\tex\chapters/07_modelo_datos.tex [18

])
[19]
Cap\'{\i }tulo 9.
(c:\ciencias-ucv-digital-archive\docs\tex\chapters/08_seguridad_auditoria.tex)
[20

]
Cap\'{\i }tulo 10.
(c:\ciencias-ucv-digital-archive\docs\tex\chapters/09_operacion_despliegue.tex
[21

]) [22]
Cap\'{\i }tulo 11.
(c:\ciencias-ucv-digital-archive\docs\tex\chapters/10_calidad_qa.tex
LaTeX Font Info:    Font shape `T1/phv/m/it' in size <12> not available
(Font)              Font shape `T1/phv/m/sl' tried instead on input line 22.
LaTeX Font Info:    Font shape `T1/phv/m/sl' will be
(Font)              scaled to size 11.39996pt on input line 22.
 [23

])
[24]
Cap\'{\i }tulo 12.
(c:\ciencias-ucv-digital-archive\docs\tex\chapters/11_gobernanza_legal.tex
Underfull \hbox (badness 10000) in paragraph at lines 31--31
[]|\T1/phv/m/n/12 Coordinación
 []


Underfull \hbox (badness 3701) in paragraph at lines 31--31
[]|\T1/phv/m/n/12 Equipo téc-ni-
 []


Underfull \hbox (badness 2368) in paragraph at lines 32--32
[]|\T1/phv/m/n/12 Aprobación de des-plie-
 []


Underfull \hbox (badness 3701) in paragraph at lines 32--32
[]|\T1/phv/m/n/12 Equipo téc-ni-
 []


Underfull \hbox (badness 10000) in paragraph at lines 32--32
[]|\T1/phv/m/n/12 Coordinación
 []


Underfull \hbox (badness 3449) in paragraph at lines 32--33
[]|\T1/phv/m/n/12 Usuarios cla-
 []


Underfull \hbox (badness 3965) in paragraph at lines 33--33
[]|\T1/phv/m/n/12 Actualizacion do-cu-men-
 []


Underfull \hbox (badness 2689) in paragraph at lines 33--33
[]|\T1/phv/m/n/12 Equipo do-cu-
 []


Underfull \hbox (badness 10000) in paragraph at lines 33--33
[]|\T1/phv/m/n/12 Coordinacion
 []


Overfull \hbox (19.20122pt too wide) in paragraph at lines 34--34
[]|\T1/phv/m/n/12 Seguridad/Control| 
 []


Underfull \hbox (badness 10000) in paragraph at lines 34--34
[]|\T1/phv/m/n/12 Coordinación
 []


Underfull \hbox (badness 3701) in paragraph at lines 34--34
[]|\T1/phv/m/n/12 Equipo téc-ni-
 []


Overfull \hbox (23.58653pt too wide) in alignment at lines 27--36
 [] [] [] [] [] 
 []

[25

]) [26]
Cap\'{\i }tulo 13.
(c:\ciencias-ucv-digital-archive\docs\tex\chapters/12_roadmap.tex [27

]
Overfull \hbox (20.64644pt too wide) in paragraph at lines 64--64
[]|\T1/phv/m/n/12 PostgreSQL/MySQL| 
 []


Overfull \hbox (16.09784pt too wide) in paragraph at lines 64--64
[]|\T1/phv/m/n/12 PostgreSQL/Oracle| 
 []


Overfull \hbox (20.64644pt too wide) in paragraph at lines 64--64
[]|\T1/phv/m/n/12 PostgreSQL/MySQL| 
 []


Overfull \hbox (17.48845pt too wide) in paragraph at lines 64--65
[]|\T1/phv/m/n/12 PostgreSQL/SQLite| 
 []


Overfull \hbox (14.45888pt too wide) in alignment at lines 59--69
 [] [] [] [] [] 
 []

[28] [29]
LaTeX Font Info:    Font shape `T1/phv/m/n' will be
(Font)              scaled to size 10.40245pt on input line 127.

Overfull \hbox (4.75781pt too wide) in paragraph at lines 142--142
[]|\T1/phv/b/n/10.95 Resultado| 
 []


Underfull \hbox (badness 10000) in paragraph at lines 142--142
[]|\T1/phv/m/n/10.95 Gana
 []


Underfull \hbox (badness 10000) in paragraph at lines 142--142
[]|\T1/phv/m/n/10.95 Personalización
 []


Underfull \hbox (badness 10000) in paragraph at lines 142--142
[]|\T1/phv/m/n/10.95 Gana
 []


Underfull \hbox (badness 10000) in paragraph at lines 142--142
[]|\T1/phv/m/n/10.95 Gana
 []


Overfull \hbox (2.29425pt too wide) in paragraph at lines 142--142
[]|\T1/phv/m/n/10.95 Alto/variable| 
 []


Underfull \hbox (badness 10000) in paragraph at lines 142--142
[]|\T1/phv/m/n/10.95 Gana
 []


Underfull \hbox (badness 10000) in paragraph at lines 142--142
[]|\T1/phv/m/n/10.95 Mantenimiento
 []


Underfull \hbox (badness 10000) in paragraph at lines 142--142
[]|\T1/phv/m/n/10.95 Gana
 []


Underfull \hbox (badness 10000) in paragraph at lines 142--142
[]|\T1/phv/m/n/10.95 Adecuación a
 []


Underfull \hbox (badness 10000) in paragraph at lines 142--142
\T1/phv/m/n/10.95 ex-pe-dien-tes in-
 []


Underfull \hbox (badness 10000) in paragraph at lines 142--142
[]|\T1/phv/m/n/10.95 Gana
 []

[30]
Overfull \hbox (41.77936pt too wide) in alignment at lines 163--172
 [] [] [] [] [] 
 []

[31]
Overfull \hbox (23.57959pt too wide) in alignment at lines 183--193
 [] [] [] [] [] 
 []


Underfull \hbox (badness 10000) in paragraph at lines 200--200
[]|\T1/phv/b/n/12 Total 2 GB
 []


Underfull \hbox (badness 10000) in paragraph at lines 200--200
[]|\T1/phv/b/n/12 Total 4 GB
 []


Underfull \hbox (badness 4156) in paragraph at lines 202--203
\T1/phv/m/n/12 pe-ti-ti-vo pa-ra des-
 []


Underfull \hbox (badness 10000) in paragraph at lines 203--204
[]|\T1/phv/m/n/12 Alternativa eco-nó-
 []


Underfull \hbox (badness 10000) in paragraph at lines 203--204
\T1/phv/m/n/12 mi-ca con bue-na
 []


Underfull \hbox (badness 10000) in paragraph at lines 203--204
\T1/phv/m/n/12 re-la-ción cos-
 []


Overfull \hbox (2.47972pt too wide) in alignment at lines 198--208
 [] [] [] [] 
 []

ignored error: Infinite glue shrinkage found in box being split [32] [33])
[34]
Ap\'{e}ndice A.
(c:\ciencias-ucv-digital-archive\docs\tex\annexes/A_glosario.tex
Overfull \hbox (1.23639pt too wide) in alignment at lines 1--28
 [] [] 
 []

ignored error: Infinite glue shrinkage found in box being split [35

]) [36]
Ap\'{e}ndice B.
(c:\ciencias-ucv-digital-archive\docs\tex\annexes/B_diccionario_datos.tex
Underfull \hbox (badness 10000) in paragraph at lines 8--9
[]|\T1/phv/m/n/12 Dominio ha-bi-li-ta-do (Ar-chi-
 []


Overfull \hbox (11.5796pt too wide) in alignment at lines 2--11
 [] [] [] [] 
 []


Overfull \hbox (11.5796pt too wide) in alignment at lines 14--28
 [] [] [] [] 
 []


Overfull \hbox (11.5796pt too wide) in alignment at lines 31--46
 [] [] [] [] 
 []

ignored error: Infinite glue shrinkage found in box being split [37

]
Overfull \hbox (17.69739pt too wide) in paragraph at lines 57--57
[]|\T1/phv/m/n/12 personas_relacionadas| 
 []


Underfull \hbox (badness 2197) in paragraph at lines 57--58
[]|\T1/phv/m/n/12 Personas vin-cu-la-das al ex-pe-
 []


Overfull \hbox (11.5796pt too wide) in alignment at lines 49--59
 [] [] [] [] 
 []

) [38]
Ap\'{e}ndice C.
(c:\ciencias-ucv-digital-archive\docs\tex\annexes/C_matriz_trazabilidad.tex
Underfull \hbox (badness 1852) in paragraph at lines 7--7
[]|\T1/phv/m/n/12 Servicio de fil-
 []


Overfull \hbox (2.32693pt too wide) in paragraph at lines 7--7
\T1/phv/m/n/12 tros/documentos| 
 []


Underfull \hbox (badness 1902) in paragraph at lines 8--9
[]|\T1/phv/m/n/12 Cap. 4, Cap. 5,
 []


Underfull \hbox (badness 3758) in paragraph at lines 9--9
[]|\T1/phv/m/n/12 Panel ad-mi-nis-tra-ti-vo in-te-gral
 []


Underfull \hbox (badness 10000) in paragraph at lines 12--12
[]|\T1/phv/m/n/12 Arquitectura
 []


Underfull \hbox (badness 10000) in paragraph at lines 12--12
\T1/phv/m/n/12 téc-ni-
 []


Underfull \hbox (badness 10000) in paragraph at lines 13--13
[]|\T1/phv/m/n/12 Operación y
 []


Underfull \hbox (badness 5446) in paragraph at lines 14--14
[]|\T1/phv/m/n/12 Diseńo téc-ni-co
 []


Underfull \hbox (badness 7888) in paragraph at lines 15--15
[]|\T1/phv/m/n/12 Trazabilidad do-cu-men-tal de
 []


Underfull \hbox (badness 1253) in paragraph at lines 15--15
[]|\T1/phv/m/n/12 QA y go-bierno
 []


Overfull \hbox (11.57266pt too wide) in alignment at lines 2--17
 [] [] [] [] 
 []

[39

]) [40]
Ap\'{e}ndice D.
(c:\ciencias-ucv-digital-archive\docs\tex\annexes/D_referencias.tex) [41

]
Ap\'{e}ndice E.
(c:\ciencias-ucv-digital-archive\docs\tex\annexes/E_diagramas.tex
<figures/generated/01_arquitectura_objetivo.pdf, id=1048, 614.295pt x 794.97pt>

File: figures/generated/01_arquitectura_objetivo.pdf Graphic file (type pdf)
<use figures/generated/01_arquitectura_objetivo.pdf>
Package pdftex.def Info: figures/generated/01_arquitectura_objetivo.pdf  used o
n input line 12.
(pdftex.def)             Requested size: 455.24411pt x 589.14197pt.
<figures/generated/02_flujo_autenticacion.pdf, id=1050, 614.295pt x 794.97pt>
File: figures/generated/02_flujo_autenticacion.pdf Graphic file (type pdf)
<use figures/generated/02_flujo_autenticacion.pdf>
Package pdftex.def Info: figures/generated/02_flujo_autenticacion.pdf  used on 
input line 25.
(pdftex.def)             Requested size: 432.48051pt x 559.68973pt.
<figures/generated/03_modelo_datos.pdf, id=1052, 614.295pt x 794.97pt>
File: figures/generated/03_modelo_datos.pdf Graphic file (type pdf)
<use figures/generated/03_modelo_datos.pdf>
Package pdftex.def Info: figures/generated/03_modelo_datos.pdf  used on input l
ine 38.
(pdftex.def)             Requested size: 455.24411pt x 589.14197pt.
<figures/generated/04_roadmap_fases.pdf, id=1054, 614.295pt x 794.97pt>
File: figures/generated/04_roadmap_fases.pdf Graphic file (type pdf)
<use figures/generated/04_roadmap_fases.pdf>
Package pdftex.def Info: figures/generated/04_roadmap_fases.pdf  used on input 
line 78.
(pdftex.def)             Requested size: 455.24411pt x 589.14197pt.
<figures/generated/05_gobernanza_rbac.pdf, id=1056, 614.295pt x 794.97pt>
File: figures/generated/05_gobernanza_rbac.pdf Graphic file (type pdf)
<use figures/generated/05_gobernanza_rbac.pdf>
Package pdftex.def Info: figures/generated/05_gobernanza_rbac.pdf  used on inpu
t line 132.
(pdftex.def)             Requested size: 455.24411pt x 589.14197pt.
<figures/generated/06_despliegue_continuidad.pdf, id=1058, 614.295pt x 794.97pt
>
File: figures/generated/06_despliegue_continuidad.pdf Graphic file (type pdf)
<use figures/generated/06_despliegue_continuidad.pdf>
Package pdftex.def Info: figures/generated/06_despliegue_continuidad.pdf  used 
on input line 176.
(pdftex.def)             Requested size: 455.24411pt x 589.14197pt.
<figures/generated/07_paquetes_sistema.pdf, id=1060, 614.295pt x 794.97pt>
File: figures/generated/07_paquetes_sistema.pdf Graphic file (type pdf)
<use figures/generated/07_paquetes_sistema.pdf>
Package pdftex.def Info: figures/generated/07_paquetes_sistema.pdf  used on inp
ut line 215.
(pdftex.def)             Requested size: 455.24411pt x 589.14197pt.
 [42

] [43 <c:/ciencias-ucv-digital-archive/docs/tex/figures/generated/01_arquitectu
ra_objetivo.pdf>] [44 <c:/ciencias-ucv-digital-archive/docs/tex/figures/generat
ed/02_flujo_autenticacion.pdf>] [45 <c:/ciencias-ucv-digital-archive/docs/tex/f
igures/generated/03_modelo_datos.pdf>] [46 <c:/ciencias-ucv-digital-archive/doc
s/tex/figures/generated/04_roadmap_fases.pdf>] [47 <c:/ciencias-ucv-digital-arc
hive/docs/tex/figures/generated/05_gobernanza_rbac.pdf>] [48 <c:/ciencias-ucv-d
igital-archive/docs/tex/figures/generated/06_despliegue_continuidad.pdf>]
<figures/generated/08_casos_uso_general.pdf, id=1162, 614.295pt x 794.97pt>
File: figures/generated/08_casos_uso_general.pdf Graphic file (type pdf)
<use figures/generated/08_casos_uso_general.pdf>
Package pdftex.def Info: figures/generated/08_casos_uso_general.pdf  used on in
put line 262.
(pdftex.def)             Requested size: 455.24411pt x 589.14197pt.
<figures/generated/09_ciclo_vida_entrega.pdf, id=1164, 614.295pt x 794.97pt>
File: figures/generated/09_ciclo_vida_entrega.pdf Graphic file (type pdf)
<use figures/generated/09_ciclo_vida_entrega.pdf>
Package pdftex.def Info: figures/generated/09_ciclo_vida_entrega.pdf  used on i
nput line 303.
(pdftex.def)             Requested size: 455.24411pt x 589.14197pt.
) [49] [50 <c:/ciencias-ucv-digital-archive/docs/tex/figures/generated/07_paque
tes_sistema.pdf>] [51 <c:/ciencias-ucv-digital-archive/docs/tex/figures/generat
ed/08_casos_uso_general.pdf>] [52 <c:/ciencias-ucv-digital-archive/docs/tex/fig
ures/generated/09_ciclo_vida_entrega.pdf>] (c:\ciencias-ucv-digital-archive\doc
s\tex\main.aux
LaTeX Info: Redefining \. on input line 11.
LaTeX Info: Redefining \% on input line 11.
)
 ***********
LaTeX2e <2025-11-01>
L3 programming layer <2025-12-24>
 ***********
Package rerunfilecheck Info: File `main.out' has not changed.
(rerunfilecheck)             Checksum: 69B9A840ACCB4E192F01C4F2B148F2B2;26901.
 ) 
Here is how much of TeX's memory you used:
 25356 strings out of 467871
 476434 string characters out of 5428438
 897221 words of memory out of 5000000
 53502 multiletter control sequences out of 15000+600000
 675391 words of font info for 80 fonts, out of 8000000 for 9000
 1141 hyphenation exceptions out of 8191
 89i,12n,97p,510b,793s stack positions out of 10000i,1000n,20000p,200000b,200000s
<C:/Program Files/MiKTeX/fonts/type1/urw/helvetic/uhvb8a.pfb><C:/Program File
s/MiKTeX/fonts/type1/urw/helvetic/uhvr8a.pfb><C:/Program Files/MiKTeX/fonts/typ
e1/urw/helvetic/uhvro8a.pfb>
Output written on c:\ciencias-ucv-digital-archive\docs\tex\main.pdf (60 pages, 
662185 bytes).
PDF statistics:
 1290 PDF objects out of 1440 (max. 8388607)
 276 named destinations out of 1000 (max. 500000)
 1154 words of extra memory for PDF output out of 10000 (max. 10000000)

